<?xml version="1.0" encoding="UTF-8"?>
<!-- Generated by org.testng.reporters.JUnitReportReporter -->
<testsuite hostname="Hemanth" failures="0" tests="15" name="TestCases.LoginpageTest" time="121.168" errors="1" timestamp="2023-03-27T19:48:09 IST" skipped="0">
  <testcase classname="TestCases.LoginpageTest" name="verifyPasswordLabel" time="7.019"/>
  <system-out/>
  <testcase classname="TestCases.LoginpageTest" name="verifyContinueButton" time="8.787"/>
  <system-out/>
  <testcase classname="TestCases.LoginpageTest" name="verifyReturningCustomer" time="8.390"/>
  <system-out/>
  <testcase classname="TestCases.LoginpageTest" name="verifyEmaillabel" time="6.978"/>
  <system-out/>
  <testcase classname="TestCases.LoginpageTest" name="verifyEmailIDTextBox" time="8.204"/>
  <system-out/>
  <testcase classname="TestCases.LoginpageTest" name="LoginWithvalidUsernameandInvalidPassword" time="8.181"/>
  <system-out/>
  <testcase classname="TestCases.LoginpageTest" name="LoginWithvalidUsernameandEmptyPassword" time="6.712">
    <error message="Keys to send should be a not null CharSequence" type="java.lang.IllegalArgumentException">
      <![CDATA[java.lang.IllegalArgumentException: Keys to send should be a not null CharSequence
at org.openqa.selenium.remote.RemoteWebElement.sendKeys(RemoteWebElement.java:97)
at Utilities.ElementUtilities.sendKeys(ElementUtilities.java:37)
at Pages.LoginObj.doLogin(LoginObj.java:79)
at TestCases.LoginpageTest.LoginWithvalidUsernameandEmptyPassword(LoginpageTest.java:133)
at java.base/jdk.internal.reflect.DirectMethodHandleAccessor.invoke(DirectMethodHandleAccessor.java:104)
at java.base/java.lang.reflect.Method.invoke(Method.java:577)
at org.testng.internal.MethodInvocationHelper.invokeMethod(MethodInvocationHelper.java:133)
at org.testng.internal.TestInvoker.invokeMethod(TestInvoker.java:598)
at org.testng.internal.TestInvoker.invokeTestMethod(TestInvoker.java:173)
at org.testng.internal.MethodRunner.runInSequence(MethodRunner.java:46)
at org.testng.internal.TestInvoker$MethodInvocationAgent.invoke(TestInvoker.java:824)
at org.testng.internal.TestInvoker.invokeTestMethods(TestInvoker.java:146)
at org.testng.internal.TestMethodWorker.invokeTestMethods(TestMethodWorker.java:146)
at org.testng.internal.TestMethodWorker.run(TestMethodWorker.java:128)
at java.base/java.util.ArrayList.forEach(ArrayList.java:1511)
at org.testng.TestRunner.privateRun(TestRunner.java:794)
at org.testng.TestRunner.run(TestRunner.java:596)
at org.testng.SuiteRunner.runTest(SuiteRunner.java:377)
at org.testng.SuiteRunner.runSequentially(SuiteRunner.java:371)
at org.testng.SuiteRunner.privateRun(SuiteRunner.java:332)
at org.testng.SuiteRunner.run(SuiteRunner.java:276)
at org.testng.SuiteRunnerWorker.runSuite(SuiteRunnerWorker.java:53)
at org.testng.SuiteRunnerWorker.run(SuiteRunnerWorker.java:96)
at org.testng.TestNG.runSuitesSequentially(TestNG.java:1212)
at org.testng.TestNG.runSuitesLocally(TestNG.java:1134)
at org.testng.TestNG.runSuites(TestNG.java:1063)
at org.testng.TestNG.run(TestNG.java:1031)
at org.testng.remote.AbstractRemoteTestNG.run(AbstractRemoteTestNG.java:115)
at org.testng.remote.RemoteTestNG.initAndRun(RemoteTestNG.java:251)
at org.testng.remote.RemoteTestNG.main(RemoteTestNG.java:77)
]]>
    </error>
  </testcase> <!-- LoginWithvalidUsernameandEmptyPassword -->
  <system-out/>
  <testcase classname="TestCases.LoginpageTest" name="verifyLoginbtn" time="7.540"/>
  <system-out/>
  <testcase classname="TestCases.LoginpageTest" name="verifyPageTitle" time="6.717"/>
  <system-out/>
  <testcase classname="TestCases.LoginpageTest" name="verifyPasswordTextBox" time="7.592"/>
  <system-out/>
  <testcase classname="TestCases.LoginpageTest" name="verifyHeaderText" time="6.599"/>
  <system-out/>
  <testcase classname="TestCases.LoginpageTest" name="LoginWithInvalidUsernameandPassword" time="10.056"/>
  <system-out/>
  <testcase classname="TestCases.LoginpageTest" name="LoginWithInvalidUsernameandvalidPassword" time="10.046"/>
  <system-out/>
  <testcase classname="TestCases.LoginpageTest" name="verifyForgotPasswordLink" time="7.596"/>
  <system-out/>
  <testcase classname="TestCases.LoginpageTest" name="Login" time="10.751"/>
  <system-out/>
</testsuite> <!-- TestCases.LoginpageTest -->
